<?xml version="1.0" encoding="UTF-8"?>
<!-- Generated by org.testng.reporters.JUnitReportReporter -->
<testsuite hostname="SHRIRAM" failures="0" tests="1" name="com.crm.contacttest.CreateContactTest" time="23.759" errors="0" timestamp="17 Dec 2024 09:24:31 GMT">
  <testcase classname="com.crm.contacttest.CreateContactTest" name="createcontactwithsupportdate" time="23.759"/>
</testsuite> <!-- com.crm.contacttest.CreateContactTest -->
