<?xml version="1.0" encoding="UTF-8"?>
<!-- Generated by org.testng.reporters.JUnitReportReporter -->
<testsuite hostname="SHRIRAM" failures="0" tests="2" name="practice.test.Listenertest" time="14.513" errors="0" timestamp="20 Dec 2024 07:06:22 GMT">
  <testcase classname="practice.test.Listenertest" name="createInvoiceTest" time="5.964"/>
  <testcase classname="practice.test.Listenertest" name="createInvoiceWithcontactTest" time="8.549"/>
</testsuite> <!-- practice.test.Listenertest -->
