<?xml version="1.0" encoding="UTF-8"?>
<!-- Generated by org.testng.reporters.JUnitXMLReporter -->
<testsuite hostname="SHRIRAM" failures="0" tests="3" name="Test-2" time="77.016" errors="0" timestamp="18 Dec 2024 06:33:01 GMT">
  <testcase classname="com.comcast.crm.contacttest.CreateContactTest" name="createcontactTest" time="13.112"/>
  <testcase classname="com.comcast.crm.contacttest.CreateContactTest" name="createcontactwithorgTest" time="22.642"/>
  <testcase classname="com.comcast.crm.contacttest.CreateContactTest" name="createcontactwithsupportdateTest" time="17.995"/>
</testsuite> <!-- Test-2 -->
